{"/Users/maksugr/Desktop/ya/first/dist/urlapi.js":{"path":"/Users/maksugr/Desktop/ya/first/dist/urlapi.js","s":{"1":1,"2":1,"3":1,"4":1,"5":73,"6":1,"7":31,"8":9,"9":22,"10":22,"11":22,"12":22,"13":22,"14":22,"15":22,"16":1,"17":22,"18":22,"19":22,"20":21,"21":1,"22":1,"23":22,"24":1,"25":21,"26":21,"27":1,"28":22,"29":19,"30":3,"31":3,"32":2,"33":1,"34":1,"35":1,"36":1,"37":22,"38":14,"39":1,"40":13,"41":8,"42":4,"43":1,"44":3,"45":4,"46":4,"47":4,"48":1,"49":8,"50":4,"51":3,"52":1,"53":4,"54":2,"55":1,"56":0,"57":1,"58":1,"59":0,"60":1,"61":2,"62":2,"63":1,"64":2,"65":1,"66":22,"67":2,"68":1,"69":1,"70":20,"71":20,"72":20,"73":1,"74":22,"75":44,"76":22,"77":1,"78":25,"79":25,"80":23,"81":32,"82":22,"83":3,"84":1,"85":10,"86":2,"87":8,"88":8,"89":8,"90":8,"91":8,"92":8,"93":8,"94":8,"95":8,"96":8,"97":1,"98":8,"99":7,"100":6,"101":1,"102":1,"103":0,"104":1,"105":1,"106":8,"107":7,"108":6,"109":6,"110":6,"111":1,"112":1,"113":1,"114":1,"115":1,"116":8,"117":7,"118":1,"119":1,"120":0,"121":8,"122":0,"123":1,"124":8,"125":8,"126":8,"127":8,"128":1,"129":7,"130":0,"131":1,"132":8,"133":8,"134":0,"135":0,"136":0,"137":0,"138":8,"139":1,"140":1,"141":8,"142":7,"143":1,"144":6,"145":7,"146":7,"147":7,"148":7,"149":1,"150":1,"151":8,"152":7,"153":7,"154":7,"155":1,"156":1,"157":14,"158":14,"159":14,"160":28,"161":28,"162":14},"b":{"1":[0,73],"2":[73,72,72],"3":[9,22],"4":[31,26,25],"5":[1,30],"6":[22,0],"7":[22,22],"8":[21,1],"9":[22,5,4,3,2],"10":[1,21],"11":[22,22],"12":[21,0],"13":[21,21,21,21],"14":[19,3],"15":[22,22],"16":[3,0],"17":[3,3],"18":[2,1],"19":[3,3,2],"20":[1,1],"21":[14,8],"22":[22,22],"23":[1,13],"24":[4,4],"25":[8,8],"26":[1,3],"27":[4,4],"28":[8,8],"29":[3,1],"30":[2,2],"31":[4,4],"32":[1,1],"33":[0,1],"34":[0,1],"35":[2,0],"36":[2,2,2],"37":[1,1],"38":[2,2],"39":[2,20],"40":[22,22],"41":[1,1],"42":[20,0],"43":[20,20,20],"44":[22,10],"45":[2,8],"46":[10,9],"47":[7,1],"48":[6,1],"49":[0,1],"50":[7,1],"51":[6,1],"52":[7,1],"53":[1,0],"54":[0,8],"55":[8,0],"56":[1,7],"57":[8,0],"58":[0,0],"59":[0,0],"60":[1,7],"61":[7,1],"62":[8,7],"63":[1,6],"64":[7,0],"65":[7,1],"66":[7,0]},"f":{"1":73,"2":31,"3":22,"4":22,"5":22,"6":22,"7":8,"8":22,"9":22,"10":25,"11":10,"12":8,"13":8,"14":8,"15":8,"16":8,"17":8,"18":8,"19":14,"20":28},"fnMap":{"1":{"name":"_typeof","line":9,"loc":{"start":{"line":9,"column":0},"end":{"line":9,"column":22}}},"2":{"name":"serialize","line":12,"loc":{"start":{"line":12,"column":0},"end":{"line":12,"column":24}}},"3":{"name":"protocol","line":33,"loc":{"start":{"line":33,"column":4},"end":{"line":33,"column":27}}},"4":{"name":"auth","line":49,"loc":{"start":{"line":49,"column":4},"end":{"line":49,"column":23}}},"5":{"name":"hostPort","line":59,"loc":{"start":{"line":59,"column":4},"end":{"line":59,"column":27}}},"6":{"name":"pathSearchQuery","line":84,"loc":{"start":{"line":84,"column":4},"end":{"line":84,"column":34}}},"7":{"name":"searchAndQuery","line":112,"loc":{"start":{"line":112,"column":4},"end":{"line":112,"column":33}}},"8":{"name":"hash","line":150,"loc":{"start":{"line":150,"column":4},"end":{"line":150,"column":23}}},"9":{"name":"addQueryObj","line":166,"loc":{"start":{"line":166,"column":4},"end":{"line":166,"column":41}}},"10":{"name":"checkObj","line":176,"loc":{"start":{"line":176,"column":4},"end":{"line":176,"column":27}}},"11":{"name":"parse","line":193,"loc":{"start":{"line":193,"column":0},"end":{"line":193,"column":20}}},"12":{"name":"protocol","line":218,"loc":{"start":{"line":218,"column":4},"end":{"line":218,"column":27}}},"13":{"name":"auth","line":240,"loc":{"start":{"line":240,"column":4},"end":{"line":240,"column":23}}},"14":{"name":"host","line":267,"loc":{"start":{"line":267,"column":4},"end":{"line":267,"column":23}}},"15":{"name":"hostnamePort","line":284,"loc":{"start":{"line":284,"column":4},"end":{"line":284,"column":28}}},"16":{"name":"path","line":302,"loc":{"start":{"line":302,"column":4},"end":{"line":302,"column":23}}},"17":{"name":"pathnameSearchQuery","line":319,"loc":{"start":{"line":319,"column":4},"end":{"line":319,"column":35}}},"18":{"name":"hash","line":341,"loc":{"start":{"line":341,"column":4},"end":{"line":341,"column":20}}},"19":{"name":"parsingQuery","line":355,"loc":{"start":{"line":355,"column":4},"end":{"line":355,"column":42}}},"20":{"name":"(anonymous_20)","line":361,"loc":{"start":{"line":361,"column":27},"end":{"line":361,"column":43}}}},"statementMap":{"1":{"start":{"line":3,"column":0},"end":{"line":5,"column":3}},"2":{"start":{"line":6,"column":0},"end":{"line":6,"column":30}},"3":{"start":{"line":7,"column":0},"end":{"line":7,"column":22}},"4":{"start":{"line":9,"column":0},"end":{"line":9,"column":124}},"5":{"start":{"line":9,"column":24},"end":{"line":9,"column":122}},"6":{"start":{"line":12,"column":0},"end":{"line":189,"column":1}},"7":{"start":{"line":15,"column":4},"end":{"line":17,"column":5}},"8":{"start":{"line":16,"column":8},"end":{"line":16,"column":91}},"9":{"start":{"line":20,"column":4},"end":{"line":20,"column":29}},"10":{"start":{"line":23,"column":4},"end":{"line":23,"column":18}},"11":{"start":{"line":24,"column":4},"end":{"line":24,"column":14}},"12":{"start":{"line":25,"column":4},"end":{"line":25,"column":18}},"13":{"start":{"line":26,"column":4},"end":{"line":26,"column":25}},"14":{"start":{"line":27,"column":4},"end":{"line":27,"column":14}},"15":{"start":{"line":30,"column":4},"end":{"line":30,"column":27}},"16":{"start":{"line":33,"column":4},"end":{"line":46,"column":5}},"17":{"start":{"line":34,"column":8},"end":{"line":45,"column":9}},"18":{"start":{"line":36,"column":12},"end":{"line":36,"column":67}},"19":{"start":{"line":38,"column":12},"end":{"line":44,"column":13}},"20":{"start":{"line":40,"column":16},"end":{"line":40,"column":53}},"21":{"start":{"line":43,"column":16},"end":{"line":43,"column":51}},"22":{"start":{"line":49,"column":4},"end":{"line":56,"column":5}},"23":{"start":{"line":50,"column":8},"end":{"line":55,"column":9}},"24":{"start":{"line":51,"column":12},"end":{"line":51,"column":53}},"25":{"start":{"line":52,"column":15},"end":{"line":55,"column":9}},"26":{"start":{"line":54,"column":12},"end":{"line":54,"column":78}},"27":{"start":{"line":59,"column":4},"end":{"line":81,"column":5}},"28":{"start":{"line":61,"column":8},"end":{"line":80,"column":9}},"29":{"start":{"line":62,"column":12},"end":{"line":62,"column":47}},"30":{"start":{"line":65,"column":12},"end":{"line":79,"column":13}},"31":{"start":{"line":67,"column":16},"end":{"line":78,"column":21}},"32":{"start":{"line":69,"column":20},"end":{"line":74,"column":21}},"33":{"start":{"line":70,"column":24},"end":{"line":70,"column":80}},"34":{"start":{"line":73,"column":24},"end":{"line":73,"column":87}},"35":{"start":{"line":77,"column":24},"end":{"line":77,"column":63}},"36":{"start":{"line":84,"column":4},"end":{"line":109,"column":5}},"37":{"start":{"line":86,"column":8},"end":{"line":108,"column":9}},"38":{"start":{"line":88,"column":12},"end":{"line":92,"column":13}},"39":{"start":{"line":89,"column":16},"end":{"line":89,"column":51}},"40":{"start":{"line":91,"column":16},"end":{"line":91,"column":57}},"41":{"start":{"line":95,"column":12},"end":{"line":107,"column":17}},"42":{"start":{"line":97,"column":16},"end":{"line":101,"column":17}},"43":{"start":{"line":98,"column":20},"end":{"line":98,"column":59}},"44":{"start":{"line":100,"column":20},"end":{"line":100,"column":65}},"45":{"start":{"line":102,"column":16},"end":{"line":102,"column":36}},"46":{"start":{"line":105,"column":20},"end":{"line":105,"column":43}},"47":{"start":{"line":106,"column":20},"end":{"line":106,"column":40}},"48":{"start":{"line":112,"column":4},"end":{"line":147,"column":5}},"49":{"start":{"line":114,"column":8},"end":{"line":146,"column":13}},"50":{"start":{"line":116,"column":12},"end":{"line":120,"column":13}},"51":{"start":{"line":117,"column":16},"end":{"line":117,"column":53}},"52":{"start":{"line":119,"column":16},"end":{"line":119,"column":59}},"53":{"start":{"line":123,"column":16},"end":{"line":145,"column":17}},"54":{"start":{"line":125,"column":20},"end":{"line":139,"column":21}},"55":{"start":{"line":127,"column":24},"end":{"line":131,"column":25}},"56":{"start":{"line":128,"column":28},"end":{"line":128,"column":69}},"57":{"start":{"line":130,"column":28},"end":{"line":130,"column":79}},"58":{"start":{"line":134,"column":24},"end":{"line":138,"column":25}},"59":{"start":{"line":135,"column":28},"end":{"line":135,"column":70}},"60":{"start":{"line":137,"column":28},"end":{"line":137,"column":69}},"61":{"start":{"line":140,"column":23},"end":{"line":145,"column":17}},"62":{"start":{"line":141,"column":20},"end":{"line":143,"column":21}},"63":{"start":{"line":142,"column":24},"end":{"line":142,"column":47}},"64":{"start":{"line":144,"column":20},"end":{"line":144,"column":43}},"65":{"start":{"line":150,"column":4},"end":{"line":163,"column":5}},"66":{"start":{"line":151,"column":8},"end":{"line":162,"column":9}},"67":{"start":{"line":153,"column":12},"end":{"line":157,"column":13}},"68":{"start":{"line":154,"column":16},"end":{"line":154,"column":51}},"69":{"start":{"line":156,"column":16},"end":{"line":156,"column":57}},"70":{"start":{"line":158,"column":15},"end":{"line":162,"column":9}},"71":{"start":{"line":160,"column":12},"end":{"line":160,"column":35}},"72":{"start":{"line":161,"column":12},"end":{"line":161,"column":34}},"73":{"start":{"line":166,"column":4},"end":{"line":173,"column":5}},"74":{"start":{"line":168,"column":8},"end":{"line":170,"column":9}},"75":{"start":{"line":169,"column":12},"end":{"line":169,"column":73}},"76":{"start":{"line":172,"column":8},"end":{"line":172,"column":55}},"77":{"start":{"line":176,"column":4},"end":{"line":188,"column":5}},"78":{"start":{"line":178,"column":8},"end":{"line":178,"column":117}},"79":{"start":{"line":179,"column":8},"end":{"line":186,"column":9}},"80":{"start":{"line":180,"column":12},"end":{"line":185,"column":13}},"81":{"start":{"line":182,"column":16},"end":{"line":184,"column":17}},"82":{"start":{"line":183,"column":20},"end":{"line":183,"column":32}},"83":{"start":{"line":187,"column":8},"end":{"line":187,"column":21}},"84":{"start":{"line":193,"column":0},"end":{"line":367,"column":1}},"85":{"start":{"line":196,"column":4},"end":{"line":198,"column":5}},"86":{"start":{"line":197,"column":8},"end":{"line":197,"column":69}},"87":{"start":{"line":201,"column":4},"end":{"line":201,"column":23}},"88":{"start":{"line":203,"column":4},"end":{"line":203,"column":21}},"89":{"start":{"line":206,"column":4},"end":{"line":206,"column":18}},"90":{"start":{"line":207,"column":4},"end":{"line":207,"column":14}},"91":{"start":{"line":208,"column":4},"end":{"line":208,"column":14}},"92":{"start":{"line":209,"column":4},"end":{"line":209,"column":19}},"93":{"start":{"line":210,"column":4},"end":{"line":210,"column":14}},"94":{"start":{"line":211,"column":4},"end":{"line":211,"column":26}},"95":{"start":{"line":212,"column":4},"end":{"line":212,"column":11}},"96":{"start":{"line":215,"column":4},"end":{"line":215,"column":21}},"97":{"start":{"line":218,"column":4},"end":{"line":237,"column":5}},"98":{"start":{"line":220,"column":8},"end":{"line":236,"column":9}},"99":{"start":{"line":222,"column":12},"end":{"line":227,"column":13}},"100":{"start":{"line":224,"column":16},"end":{"line":224,"column":59}},"101":{"start":{"line":226,"column":16},"end":{"line":226,"column":42}},"102":{"start":{"line":230,"column":12},"end":{"line":235,"column":13}},"103":{"start":{"line":231,"column":16},"end":{"line":231,"column":42}},"104":{"start":{"line":234,"column":16},"end":{"line":234,"column":59}},"105":{"start":{"line":240,"column":4},"end":{"line":264,"column":5}},"106":{"start":{"line":242,"column":8},"end":{"line":263,"column":9}},"107":{"start":{"line":243,"column":12},"end":{"line":260,"column":13}},"108":{"start":{"line":245,"column":16},"end":{"line":245,"column":81}},"109":{"start":{"line":247,"column":16},"end":{"line":247,"column":59}},"110":{"start":{"line":248,"column":16},"end":{"line":251,"column":18}},"111":{"start":{"line":254,"column":16},"end":{"line":254,"column":55}},"112":{"start":{"line":255,"column":16},"end":{"line":255,"column":59}},"113":{"start":{"line":256,"column":16},"end":{"line":259,"column":18}},"114":{"start":{"line":262,"column":12},"end":{"line":262,"column":34}},"115":{"start":{"line":267,"column":4},"end":{"line":281,"column":5}},"116":{"start":{"line":268,"column":8},"end":{"line":277,"column":9}},"117":{"start":{"line":270,"column":12},"end":{"line":270,"column":72}},"118":{"start":{"line":271,"column":15},"end":{"line":277,"column":9}},"119":{"start":{"line":273,"column":12},"end":{"line":273,"column":102}},"120":{"start":{"line":276,"column":12},"end":{"line":276,"column":52}},"121":{"start":{"line":278,"column":8},"end":{"line":280,"column":9}},"122":{"start":{"line":279,"column":12},"end":{"line":279,"column":34}},"123":{"start":{"line":284,"column":4},"end":{"line":299,"column":5}},"124":{"start":{"line":285,"column":8},"end":{"line":298,"column":9}},"125":{"start":{"line":287,"column":12},"end":{"line":287,"column":61}},"126":{"start":{"line":289,"column":12},"end":{"line":289,"column":53}},"127":{"start":{"line":291,"column":12},"end":{"line":295,"column":13}},"128":{"start":{"line":292,"column":16},"end":{"line":292,"column":38}},"129":{"start":{"line":294,"column":16},"end":{"line":294,"column":53}},"130":{"start":{"line":297,"column":12},"end":{"line":297,"column":55}},"131":{"start":{"line":302,"column":4},"end":{"line":316,"column":5}},"132":{"start":{"line":303,"column":8},"end":{"line":312,"column":9}},"133":{"start":{"line":305,"column":12},"end":{"line":305,"column":94}},"134":{"start":{"line":306,"column":15},"end":{"line":312,"column":9}},"135":{"start":{"line":308,"column":12},"end":{"line":308,"column":95}},"136":{"start":{"line":309,"column":15},"end":{"line":312,"column":9}},"137":{"start":{"line":311,"column":12},"end":{"line":311,"column":104}},"138":{"start":{"line":313,"column":8},"end":{"line":315,"column":9}},"139":{"start":{"line":314,"column":12},"end":{"line":314,"column":34}},"140":{"start":{"line":319,"column":4},"end":{"line":338,"column":5}},"141":{"start":{"line":320,"column":8},"end":{"line":337,"column":9}},"142":{"start":{"line":322,"column":12},"end":{"line":326,"column":13}},"143":{"start":{"line":323,"column":16},"end":{"line":323,"column":42}},"144":{"start":{"line":325,"column":16},"end":{"line":325,"column":70}},"145":{"start":{"line":328,"column":12},"end":{"line":328,"column":65}},"146":{"start":{"line":330,"column":12},"end":{"line":330,"column":64}},"147":{"start":{"line":332,"column":12},"end":{"line":334,"column":13}},"148":{"start":{"line":333,"column":16},"end":{"line":333,"column":64}},"149":{"start":{"line":336,"column":12},"end":{"line":336,"column":75}},"150":{"start":{"line":341,"column":4},"end":{"line":352,"column":5}},"151":{"start":{"line":343,"column":8},"end":{"line":351,"column":9}},"152":{"start":{"line":344,"column":12},"end":{"line":344,"column":68}},"153":{"start":{"line":346,"column":12},"end":{"line":348,"column":13}},"154":{"start":{"line":347,"column":16},"end":{"line":347,"column":62}},"155":{"start":{"line":350,"column":12},"end":{"line":350,"column":34}},"156":{"start":{"line":355,"column":4},"end":{"line":366,"column":5}},"157":{"start":{"line":357,"column":8},"end":{"line":357,"column":26}},"158":{"start":{"line":359,"column":8},"end":{"line":359,"column":51}},"159":{"start":{"line":361,"column":8},"end":{"line":364,"column":11}},"160":{"start":{"line":362,"column":12},"end":{"line":362,"column":44}},"161":{"start":{"line":363,"column":12},"end":{"line":363,"column":50}},"162":{"start":{"line":365,"column":8},"end":{"line":365,"column":24}}},"branchMap":{"1":{"line":9,"type":"cond-expr","locations":[{"start":{"line":9,"column":100},"end":{"line":9,"column":108}},{"start":{"line":9,"column":111},"end":{"line":9,"column":121}}]},"2":{"line":9,"type":"binary-expr","locations":[{"start":{"line":9,"column":31},"end":{"line":9,"column":34}},{"start":{"line":9,"column":38},"end":{"line":9,"column":67}},{"start":{"line":9,"column":71},"end":{"line":9,"column":97}}]},"3":{"line":15,"type":"if","locations":[{"start":{"line":15,"column":4},"end":{"line":15,"column":4}},{"start":{"line":15,"column":4},"end":{"line":15,"column":4}}]},"4":{"line":15,"type":"binary-expr","locations":[{"start":{"line":15,"column":8},"end":{"line":15,"column":78}},{"start":{"line":15,"column":82},"end":{"line":15,"column":100}},{"start":{"line":15,"column":104},"end":{"line":15,"column":118}}]},"5":{"line":15,"type":"cond-expr","locations":[{"start":{"line":15,"column":38},"end":{"line":15,"column":49}},{"start":{"line":15,"column":52},"end":{"line":15,"column":64}}]},"6":{"line":34,"type":"if","locations":[{"start":{"line":34,"column":8},"end":{"line":34,"column":8}},{"start":{"line":34,"column":8},"end":{"line":34,"column":8}}]},"7":{"line":34,"type":"binary-expr","locations":[{"start":{"line":34,"column":12},"end":{"line":34,"column":38}},{"start":{"line":34,"column":42},"end":{"line":34,"column":74}}]},"8":{"line":38,"type":"if","locations":[{"start":{"line":38,"column":12},"end":{"line":38,"column":12}},{"start":{"line":38,"column":12},"end":{"line":38,"column":12}}]},"9":{"line":38,"type":"binary-expr","locations":[{"start":{"line":38,"column":16},"end":{"line":38,"column":36}},{"start":{"line":38,"column":40},"end":{"line":38,"column":61}},{"start":{"line":38,"column":65},"end":{"line":38,"column":84}},{"start":{"line":38,"column":88},"end":{"line":38,"column":110}},{"start":{"line":38,"column":114},"end":{"line":38,"column":134}}]},"10":{"line":50,"type":"if","locations":[{"start":{"line":50,"column":8},"end":{"line":50,"column":8}},{"start":{"line":50,"column":8},"end":{"line":50,"column":8}}]},"11":{"line":50,"type":"binary-expr","locations":[{"start":{"line":50,"column":12},"end":{"line":50,"column":34}},{"start":{"line":50,"column":38},"end":{"line":50,"column":66}}]},"12":{"line":52,"type":"if","locations":[{"start":{"line":52,"column":15},"end":{"line":52,"column":15}},{"start":{"line":52,"column":15},"end":{"line":52,"column":15}}]},"13":{"line":52,"type":"binary-expr","locations":[{"start":{"line":52,"column":19},"end":{"line":52,"column":41}},{"start":{"line":52,"column":45},"end":{"line":52,"column":62}},{"start":{"line":52,"column":66},"end":{"line":52,"column":96}},{"start":{"line":52,"column":100},"end":{"line":52,"column":124}}]},"14":{"line":61,"type":"if","locations":[{"start":{"line":61,"column":8},"end":{"line":61,"column":8}},{"start":{"line":61,"column":8},"end":{"line":61,"column":8}}]},"15":{"line":61,"type":"binary-expr","locations":[{"start":{"line":61,"column":12},"end":{"line":61,"column":34}},{"start":{"line":61,"column":38},"end":{"line":61,"column":66}}]},"16":{"line":65,"type":"if","locations":[{"start":{"line":65,"column":12},"end":{"line":65,"column":12}},{"start":{"line":65,"column":12},"end":{"line":65,"column":12}}]},"17":{"line":65,"type":"binary-expr","locations":[{"start":{"line":65,"column":16},"end":{"line":65,"column":42}},{"start":{"line":65,"column":46},"end":{"line":65,"column":78}}]},"18":{"line":67,"type":"if","locations":[{"start":{"line":67,"column":16},"end":{"line":67,"column":16}},{"start":{"line":67,"column":16},"end":{"line":67,"column":16}}]},"19":{"line":67,"type":"binary-expr","locations":[{"start":{"line":67,"column":20},"end":{"line":67,"column":42}},{"start":{"line":67,"column":46},"end":{"line":67,"column":74}},{"start":{"line":67,"column":78},"end":{"line":67,"column":106}}]},"20":{"line":69,"type":"if","locations":[{"start":{"line":69,"column":20},"end":{"line":69,"column":20}},{"start":{"line":69,"column":20},"end":{"line":69,"column":20}}]},"21":{"line":86,"type":"if","locations":[{"start":{"line":86,"column":8},"end":{"line":86,"column":8}},{"start":{"line":86,"column":8},"end":{"line":86,"column":8}}]},"22":{"line":86,"type":"binary-expr","locations":[{"start":{"line":86,"column":12},"end":{"line":86,"column":34}},{"start":{"line":86,"column":38},"end":{"line":86,"column":66}}]},"23":{"line":88,"type":"if","locations":[{"start":{"line":88,"column":12},"end":{"line":88,"column":12}},{"start":{"line":88,"column":12},"end":{"line":88,"column":12}}]},"24":{"line":95,"type":"if","locations":[{"start":{"line":95,"column":12},"end":{"line":95,"column":12}},{"start":{"line":95,"column":12},"end":{"line":95,"column":12}}]},"25":{"line":95,"type":"binary-expr","locations":[{"start":{"line":95,"column":16},"end":{"line":95,"column":42}},{"start":{"line":95,"column":46},"end":{"line":95,"column":78}}]},"26":{"line":97,"type":"if","locations":[{"start":{"line":97,"column":16},"end":{"line":97,"column":16}},{"start":{"line":97,"column":16},"end":{"line":97,"column":16}}]},"27":{"line":114,"type":"if","locations":[{"start":{"line":114,"column":8},"end":{"line":114,"column":8}},{"start":{"line":114,"column":8},"end":{"line":114,"column":8}}]},"28":{"line":114,"type":"binary-expr","locations":[{"start":{"line":114,"column":12},"end":{"line":114,"column":36}},{"start":{"line":114,"column":40},"end":{"line":114,"column":70}}]},"29":{"line":116,"type":"if","locations":[{"start":{"line":116,"column":12},"end":{"line":116,"column":12}},{"start":{"line":116,"column":12},"end":{"line":116,"column":12}}]},"30":{"line":123,"type":"if","locations":[{"start":{"line":123,"column":16},"end":{"line":123,"column":16}},{"start":{"line":123,"column":16},"end":{"line":123,"column":16}}]},"31":{"line":123,"type":"binary-expr","locations":[{"start":{"line":123,"column":20},"end":{"line":123,"column":43}},{"start":{"line":123,"column":47},"end":{"line":123,"column":76}}]},"32":{"line":125,"type":"if","locations":[{"start":{"line":125,"column":20},"end":{"line":125,"column":20}},{"start":{"line":125,"column":20},"end":{"line":125,"column":20}}]},"33":{"line":127,"type":"if","locations":[{"start":{"line":127,"column":24},"end":{"line":127,"column":24}},{"start":{"line":127,"column":24},"end":{"line":127,"column":24}}]},"34":{"line":134,"type":"if","locations":[{"start":{"line":134,"column":24},"end":{"line":134,"column":24}},{"start":{"line":134,"column":24},"end":{"line":134,"column":24}}]},"35":{"line":140,"type":"if","locations":[{"start":{"line":140,"column":23},"end":{"line":140,"column":23}},{"start":{"line":140,"column":23},"end":{"line":140,"column":23}}]},"36":{"line":140,"type":"binary-expr","locations":[{"start":{"line":140,"column":27},"end":{"line":140,"column":50}},{"start":{"line":140,"column":54},"end":{"line":140,"column":85}},{"start":{"line":140,"column":89},"end":{"line":140,"column":114}}]},"37":{"line":141,"type":"if","locations":[{"start":{"line":141,"column":20},"end":{"line":141,"column":20}},{"start":{"line":141,"column":20},"end":{"line":141,"column":20}}]},"38":{"line":141,"type":"binary-expr","locations":[{"start":{"line":141,"column":24},"end":{"line":141,"column":50}},{"start":{"line":141,"column":54},"end":{"line":141,"column":75}}]},"39":{"line":151,"type":"if","locations":[{"start":{"line":151,"column":8},"end":{"line":151,"column":8}},{"start":{"line":151,"column":8},"end":{"line":151,"column":8}}]},"40":{"line":151,"type":"binary-expr","locations":[{"start":{"line":151,"column":12},"end":{"line":151,"column":34}},{"start":{"line":151,"column":38},"end":{"line":151,"column":66}}]},"41":{"line":153,"type":"if","locations":[{"start":{"line":153,"column":12},"end":{"line":153,"column":12}},{"start":{"line":153,"column":12},"end":{"line":153,"column":12}}]},"42":{"line":158,"type":"if","locations":[{"start":{"line":158,"column":15},"end":{"line":158,"column":15}},{"start":{"line":158,"column":15},"end":{"line":158,"column":15}}]},"43":{"line":158,"type":"binary-expr","locations":[{"start":{"line":158,"column":19},"end":{"line":158,"column":41}},{"start":{"line":158,"column":45},"end":{"line":158,"column":75}},{"start":{"line":158,"column":79},"end":{"line":158,"column":103}}]},"44":{"line":182,"type":"if","locations":[{"start":{"line":182,"column":16},"end":{"line":182,"column":16}},{"start":{"line":182,"column":16},"end":{"line":182,"column":16}}]},"45":{"line":196,"type":"if","locations":[{"start":{"line":196,"column":4},"end":{"line":196,"column":4}},{"start":{"line":196,"column":4},"end":{"line":196,"column":4}}]},"46":{"line":196,"type":"binary-expr","locations":[{"start":{"line":196,"column":8},"end":{"line":196,"column":31}},{"start":{"line":196,"column":35},"end":{"line":196,"column":52}}]},"47":{"line":220,"type":"if","locations":[{"start":{"line":220,"column":8},"end":{"line":220,"column":8}},{"start":{"line":220,"column":8},"end":{"line":220,"column":8}}]},"48":{"line":222,"type":"if","locations":[{"start":{"line":222,"column":12},"end":{"line":222,"column":12}},{"start":{"line":222,"column":12},"end":{"line":222,"column":12}}]},"49":{"line":230,"type":"if","locations":[{"start":{"line":230,"column":12},"end":{"line":230,"column":12}},{"start":{"line":230,"column":12},"end":{"line":230,"column":12}}]},"50":{"line":242,"type":"if","locations":[{"start":{"line":242,"column":8},"end":{"line":242,"column":8}},{"start":{"line":242,"column":8},"end":{"line":242,"column":8}}]},"51":{"line":243,"type":"if","locations":[{"start":{"line":243,"column":12},"end":{"line":243,"column":12}},{"start":{"line":243,"column":12},"end":{"line":243,"column":12}}]},"52":{"line":268,"type":"if","locations":[{"start":{"line":268,"column":8},"end":{"line":268,"column":8}},{"start":{"line":268,"column":8},"end":{"line":268,"column":8}}]},"53":{"line":271,"type":"if","locations":[{"start":{"line":271,"column":15},"end":{"line":271,"column":15}},{"start":{"line":271,"column":15},"end":{"line":271,"column":15}}]},"54":{"line":278,"type":"if","locations":[{"start":{"line":278,"column":8},"end":{"line":278,"column":8}},{"start":{"line":278,"column":8},"end":{"line":278,"column":8}}]},"55":{"line":285,"type":"if","locations":[{"start":{"line":285,"column":8},"end":{"line":285,"column":8}},{"start":{"line":285,"column":8},"end":{"line":285,"column":8}}]},"56":{"line":291,"type":"if","locations":[{"start":{"line":291,"column":12},"end":{"line":291,"column":12}},{"start":{"line":291,"column":12},"end":{"line":291,"column":12}}]},"57":{"line":303,"type":"if","locations":[{"start":{"line":303,"column":8},"end":{"line":303,"column":8}},{"start":{"line":303,"column":8},"end":{"line":303,"column":8}}]},"58":{"line":306,"type":"if","locations":[{"start":{"line":306,"column":15},"end":{"line":306,"column":15}},{"start":{"line":306,"column":15},"end":{"line":306,"column":15}}]},"59":{"line":309,"type":"if","locations":[{"start":{"line":309,"column":15},"end":{"line":309,"column":15}},{"start":{"line":309,"column":15},"end":{"line":309,"column":15}}]},"60":{"line":313,"type":"if","locations":[{"start":{"line":313,"column":8},"end":{"line":313,"column":8}},{"start":{"line":313,"column":8},"end":{"line":313,"column":8}}]},"61":{"line":320,"type":"if","locations":[{"start":{"line":320,"column":8},"end":{"line":320,"column":8}},{"start":{"line":320,"column":8},"end":{"line":320,"column":8}}]},"62":{"line":320,"type":"binary-expr","locations":[{"start":{"line":320,"column":12},"end":{"line":320,"column":35}},{"start":{"line":320,"column":39},"end":{"line":320,"column":71}}]},"63":{"line":322,"type":"if","locations":[{"start":{"line":322,"column":12},"end":{"line":322,"column":12}},{"start":{"line":322,"column":12},"end":{"line":322,"column":12}}]},"64":{"line":332,"type":"if","locations":[{"start":{"line":332,"column":12},"end":{"line":332,"column":12}},{"start":{"line":332,"column":12},"end":{"line":332,"column":12}}]},"65":{"line":343,"type":"if","locations":[{"start":{"line":343,"column":8},"end":{"line":343,"column":8}},{"start":{"line":343,"column":8},"end":{"line":343,"column":8}}]},"66":{"line":346,"type":"if","locations":[{"start":{"line":346,"column":12},"end":{"line":346,"column":12}},{"start":{"line":346,"column":12},"end":{"line":346,"column":12}}]}}}}