TN:
SF:/Users/maksugr/Desktop/ya/first/dist/urlapi.js
FN:9,_typeof
FN:12,serialize
FN:33,protocol
FN:49,auth
FN:59,hostPort
FN:84,pathSearchQuery
FN:112,searchAndQuery
FN:150,hash
FN:166,addQueryObj
FN:176,checkObj
FN:193,parse
FN:218,protocol
FN:240,auth
FN:267,host
FN:284,hostnamePort
FN:302,path
FN:319,pathnameSearchQuery
FN:341,hash
FN:355,parsingQuery
FN:361,(anonymous_20)
FNF:20
FNH:20
FNDA:73,_typeof
FNDA:31,serialize
FNDA:22,protocol
FNDA:22,auth
FNDA:22,hostPort
FNDA:22,pathSearchQuery
FNDA:8,searchAndQuery
FNDA:22,hash
FNDA:22,addQueryObj
FNDA:25,checkObj
FNDA:10,parse
FNDA:8,protocol
FNDA:8,auth
FNDA:8,host
FNDA:8,hostnamePort
FNDA:8,path
FNDA:8,pathnameSearchQuery
FNDA:8,hash
FNDA:14,parsingQuery
FNDA:28,(anonymous_20)
DA:3,1
DA:6,1
DA:7,1
DA:9,73
DA:12,1
DA:15,31
DA:16,9
DA:20,22
DA:23,22
DA:24,22
DA:25,22
DA:26,22
DA:27,22
DA:30,22
DA:33,1
DA:34,22
DA:36,22
DA:38,22
DA:40,21
DA:43,1
DA:49,1
DA:50,22
DA:51,1
DA:52,21
DA:54,21
DA:59,1
DA:61,22
DA:62,19
DA:65,3
DA:67,3
DA:69,2
DA:70,1
DA:73,1
DA:77,1
DA:84,1
DA:86,22
DA:88,14
DA:89,1
DA:91,13
DA:95,8
DA:97,4
DA:98,1
DA:100,3
DA:102,4
DA:105,4
DA:106,4
DA:112,1
DA:114,8
DA:116,4
DA:117,3
DA:119,1
DA:123,4
DA:125,2
DA:127,1
DA:128,0
DA:130,1
DA:134,1
DA:135,0
DA:137,1
DA:140,2
DA:141,2
DA:142,1
DA:144,2
DA:150,1
DA:151,22
DA:153,2
DA:154,1
DA:156,1
DA:158,20
DA:160,20
DA:161,20
DA:166,1
DA:168,22
DA:169,44
DA:172,22
DA:176,1
DA:178,25
DA:179,25
DA:180,23
DA:182,32
DA:183,22
DA:187,3
DA:193,1
DA:196,10
DA:197,2
DA:201,8
DA:203,8
DA:206,8
DA:207,8
DA:208,8
DA:209,8
DA:210,8
DA:211,8
DA:212,8
DA:215,8
DA:218,1
DA:220,8
DA:222,7
DA:224,6
DA:226,1
DA:230,1
DA:231,0
DA:234,1
DA:240,1
DA:242,8
DA:243,7
DA:245,6
DA:247,6
DA:248,6
DA:254,1
DA:255,1
DA:256,1
DA:262,1
DA:267,1
DA:268,8
DA:270,7
DA:271,1
DA:273,1
DA:276,0
DA:278,8
DA:279,0
DA:284,1
DA:285,8
DA:287,8
DA:289,8
DA:291,8
DA:292,1
DA:294,7
DA:297,0
DA:302,1
DA:303,8
DA:305,8
DA:306,0
DA:308,0
DA:309,0
DA:311,0
DA:313,8
DA:314,1
DA:319,1
DA:320,8
DA:322,7
DA:323,1
DA:325,6
DA:328,7
DA:330,7
DA:332,7
DA:333,7
DA:336,1
DA:341,1
DA:343,8
DA:344,7
DA:346,7
DA:347,7
DA:350,1
DA:355,1
DA:357,14
DA:359,14
DA:361,14
DA:362,28
DA:363,28
DA:365,14
LF:161
LH:151
BRDA:9,1,0,0
BRDA:9,1,1,73
BRDA:9,2,0,73
BRDA:9,2,1,72
BRDA:9,2,2,72
BRDA:15,3,0,9
BRDA:15,3,1,22
BRDA:15,4,0,31
BRDA:15,4,1,26
BRDA:15,4,2,25
BRDA:15,5,0,1
BRDA:15,5,1,30
BRDA:34,6,0,22
BRDA:34,6,1,0
BRDA:34,7,0,22
BRDA:34,7,1,22
BRDA:38,8,0,21
BRDA:38,8,1,1
BRDA:38,9,0,22
BRDA:38,9,1,5
BRDA:38,9,2,4
BRDA:38,9,3,3
BRDA:38,9,4,2
BRDA:50,10,0,1
BRDA:50,10,1,21
BRDA:50,11,0,22
BRDA:50,11,1,22
BRDA:52,12,0,21
BRDA:52,12,1,0
BRDA:52,13,0,21
BRDA:52,13,1,21
BRDA:52,13,2,21
BRDA:52,13,3,21
BRDA:61,14,0,19
BRDA:61,14,1,3
BRDA:61,15,0,22
BRDA:61,15,1,22
BRDA:65,16,0,3
BRDA:65,16,1,0
BRDA:65,17,0,3
BRDA:65,17,1,3
BRDA:67,18,0,2
BRDA:67,18,1,1
BRDA:67,19,0,3
BRDA:67,19,1,3
BRDA:67,19,2,2
BRDA:69,20,0,1
BRDA:69,20,1,1
BRDA:86,21,0,14
BRDA:86,21,1,8
BRDA:86,22,0,22
BRDA:86,22,1,22
BRDA:88,23,0,1
BRDA:88,23,1,13
BRDA:95,24,0,4
BRDA:95,24,1,4
BRDA:95,25,0,8
BRDA:95,25,1,8
BRDA:97,26,0,1
BRDA:97,26,1,3
BRDA:114,27,0,4
BRDA:114,27,1,4
BRDA:114,28,0,8
BRDA:114,28,1,8
BRDA:116,29,0,3
BRDA:116,29,1,1
BRDA:123,30,0,2
BRDA:123,30,1,2
BRDA:123,31,0,4
BRDA:123,31,1,4
BRDA:125,32,0,1
BRDA:125,32,1,1
BRDA:127,33,0,0
BRDA:127,33,1,1
BRDA:134,34,0,0
BRDA:134,34,1,1
BRDA:140,35,0,2
BRDA:140,35,1,0
BRDA:140,36,0,2
BRDA:140,36,1,2
BRDA:140,36,2,2
BRDA:141,37,0,1
BRDA:141,37,1,1
BRDA:141,38,0,2
BRDA:141,38,1,2
BRDA:151,39,0,2
BRDA:151,39,1,20
BRDA:151,40,0,22
BRDA:151,40,1,22
BRDA:153,41,0,1
BRDA:153,41,1,1
BRDA:158,42,0,20
BRDA:158,42,1,0
BRDA:158,43,0,20
BRDA:158,43,1,20
BRDA:158,43,2,20
BRDA:182,44,0,22
BRDA:182,44,1,10
BRDA:196,45,0,2
BRDA:196,45,1,8
BRDA:196,46,0,10
BRDA:196,46,1,9
BRDA:220,47,0,7
BRDA:220,47,1,1
BRDA:222,48,0,6
BRDA:222,48,1,1
BRDA:230,49,0,0
BRDA:230,49,1,1
BRDA:242,50,0,7
BRDA:242,50,1,1
BRDA:243,51,0,6
BRDA:243,51,1,1
BRDA:268,52,0,7
BRDA:268,52,1,1
BRDA:271,53,0,1
BRDA:271,53,1,0
BRDA:278,54,0,0
BRDA:278,54,1,8
BRDA:285,55,0,8
BRDA:285,55,1,0
BRDA:291,56,0,1
BRDA:291,56,1,7
BRDA:303,57,0,8
BRDA:303,57,1,0
BRDA:306,58,0,0
BRDA:306,58,1,0
BRDA:309,59,0,0
BRDA:309,59,1,0
BRDA:313,60,0,1
BRDA:313,60,1,7
BRDA:320,61,0,7
BRDA:320,61,1,1
BRDA:320,62,0,8
BRDA:320,62,1,7
BRDA:322,63,0,1
BRDA:322,63,1,6
BRDA:332,64,0,7
BRDA:332,64,1,0
BRDA:343,65,0,7
BRDA:343,65,1,1
BRDA:346,66,0,7
BRDA:346,66,1,0
BRF:142
BRH:123
end_of_record
